Library/Bee/Android/Prj/Mono2x/Gradle/launcher/build/intermediates/manifest_merge_blame_file/release/manifest-merger-blame-release-report.txt
1<?xml version="1.0" encoding="utf-8"?>
2<manifest xmlns:android="http://schemas.android.com/apk/res/android"
3    package="com.DefaultCompany.cs5651project1"
4    android:installLocation="preferExternal"
5    android:versionCode="1"
6    android:versionName="0.1" >
7
8    <uses-sdk
9        android:minSdkVersion="23"
9-->src/main/AndroidManifest.xml
10        android:targetSdkVersion="35" />
10-->src/main/AndroidManifest.xml
11
12    <supports-screens
12-->src/main/AndroidManifest.xml:4:3-163
13        android:anyDensity="true"
13-->src/main/AndroidManifest.xml:4:135-160
14        android:largeScreens="true"
14-->src/main/AndroidManifest.xml:4:78-105
15        android:normalScreens="true"
15-->src/main/AndroidManifest.xml:4:49-77
16        android:smallScreens="true"
16-->src/main/AndroidManifest.xml:4:21-48
17        android:xlargeScreens="true" />
17-->src/main/AndroidManifest.xml:4:106-134
18
19    <uses-permission android:name="android.permission.INTERNET" />
19-->[:unityLibrary] AndroidManifest.xml:9:5-67
19-->[:unityLibrary] AndroidManifest.xml:9:22-64
20
21    <uses-feature android:glEsVersion="0x00030000" />
21-->[:unityLibrary] AndroidManifest.xml:11:5-54
21-->[:unityLibrary] AndroidManifest.xml:11:19-51
22    <uses-feature
22-->[:unityLibrary] AndroidManifest.xml:12:5-14:36
23        android:name="android.hardware.sensor.accelerometer"
23-->[:unityLibrary] AndroidManifest.xml:13:9-61
24        android:required="false" />
24-->[:unityLibrary] AndroidManifest.xml:14:9-33
25    <uses-feature
25-->[:unityLibrary] AndroidManifest.xml:15:5-17:36
26        android:name="android.hardware.touchscreen"
26-->[:unityLibrary] AndroidManifest.xml:16:9-52
27        android:required="false" />
27-->[:unityLibrary] AndroidManifest.xml:17:9-33
28    <uses-feature
28-->[:unityLibrary] AndroidManifest.xml:18:5-20:36
29        android:name="android.hardware.touchscreen.multitouch"
29-->[:unityLibrary] AndroidManifest.xml:19:9-63
30        android:required="false" />
30-->[:unityLibrary] AndroidManifest.xml:20:9-33
31    <uses-feature
31-->[:unityLibrary] AndroidManifest.xml:21:5-23:36
32        android:name="android.hardware.touchscreen.multitouch.distinct"
32-->[:unityLibrary] AndroidManifest.xml:22:9-72
33        android:required="false" />
33-->[:unityLibrary] AndroidManifest.xml:23:9-33
34    <uses-feature
34-->[:unityLibrary] AndroidManifest.xml:24:5-27:31
35        android:name="android.hardware.vr.headtracking"
35-->[:unityLibrary] AndroidManifest.xml:25:9-56
36        android:required="true"
36-->[:unityLibrary] AndroidManifest.xml:26:9-32
37        android:version="1" />
37-->[:unityLibrary] AndroidManifest.xml:27:9-28
38
39    <uses-permission android:name="android.permission.WRITE_EXTERNAL_STORAGE" />
40    <uses-permission android:name="android.permission.READ_PHONE_STATE" />
41    <uses-permission android:name="android.permission.READ_EXTERNAL_STORAGE" />
42
43    <application
43-->src/main/AndroidManifest.xml:3:3-83
44        android:extractNativeLibs="true"
44-->[:unityLibrary] AndroidManifest.xml:29:18-50
45        android:icon="@mipmap/app_icon"
45-->src/main/AndroidManifest.xml:3:49-80
46        android:label="@string/app_name" >
46-->src/main/AndroidManifest.xml:3:16-48
47        <meta-data
47-->[:unityLibrary] AndroidManifest.xml:30:9-32:33
48            android:name="unity.splash-mode"
48-->[:unityLibrary] AndroidManifest.xml:31:13-45
49            android:value="0" />
49-->[:unityLibrary] AndroidManifest.xml:32:13-30
50        <meta-data
50-->[:unityLibrary] AndroidManifest.xml:33:9-35:36
51            android:name="unity.splash-enable"
51-->[:unityLibrary] AndroidManifest.xml:34:13-47
52            android:value="True" />
52-->[:unityLibrary] AndroidManifest.xml:35:13-33
53        <meta-data
53-->[:unityLibrary] AndroidManifest.xml:36:9-38:36
54            android:name="unity.launch-fullscreen"
54-->[:unityLibrary] AndroidManifest.xml:37:13-51
55            android:value="True" />
55-->[:unityLibrary] AndroidManifest.xml:38:13-33
56        <meta-data
56-->[:unityLibrary] AndroidManifest.xml:39:9-41:36
57            android:name="unity.render-outside-safearea"
57-->[:unityLibrary] AndroidManifest.xml:40:13-57
58            android:value="True" />
58-->[:unityLibrary] AndroidManifest.xml:41:13-33
59        <meta-data
59-->[:unityLibrary] AndroidManifest.xml:42:9-44:50
60            android:name="notch.config"
60-->[:unityLibrary] AndroidManifest.xml:43:13-40
61            android:value="portrait|landscape" />
61-->[:unityLibrary] AndroidManifest.xml:44:13-47
62        <meta-data
62-->[:unityLibrary] AndroidManifest.xml:45:9-47:36
63            android:name="unity.auto-report-fully-drawn"
63-->[:unityLibrary] AndroidManifest.xml:46:13-57
64            android:value="true" />
64-->[:unityLibrary] AndroidManifest.xml:47:13-33
65
66        <activity
66-->[:unityLibrary] AndroidManifest.xml:49:9-75:20
67            android:name="com.unity3d.player.UnityPlayerActivity"
67-->[:unityLibrary] AndroidManifest.xml:50:13-66
68            android:configChanges="keyboard|keyboardHidden|navigation|orientation|screenLayout|screenSize|uiMode"
68-->[:unityLibrary] AndroidManifest.xml:51:13-114
69            android:exported="true"
69-->[:unityLibrary] AndroidManifest.xml:52:13-36
70            android:hardwareAccelerated="false"
70-->[:unityLibrary] AndroidManifest.xml:53:13-48
71            android:launchMode="singleTask"
71-->[:unityLibrary] AndroidManifest.xml:54:13-44
72            android:resizeableActivity="false"
72-->[:unityLibrary] AndroidManifest.xml:55:13-47
73            android:screenOrientation="landscape"
73-->[:unityLibrary] AndroidManifest.xml:56:13-50
74            android:theme="@android:style/Theme.Black.NoTitleBar.Fullscreen" >
74-->[:unityLibrary] AndroidManifest.xml:57:13-77
75            <intent-filter>
75-->[:unityLibrary] AndroidManifest.xml:58:13-64:29
76                <category android:name="android.intent.category.LAUNCHER" />
76-->[:unityLibrary] AndroidManifest.xml:59:17-77
76-->[:unityLibrary] AndroidManifest.xml:59:27-74
77
78                <action android:name="android.intent.action.MAIN" />
78-->[:unityLibrary] AndroidManifest.xml:61:17-69
78-->[:unityLibrary] AndroidManifest.xml:61:25-66
79
80                <category android:name="com.oculus.intent.category.VR" />
80-->[:unityLibrary] AndroidManifest.xml:63:17-74
80-->[:unityLibrary] AndroidManifest.xml:63:27-71
81            </intent-filter>
82
83            <meta-data
83-->[:unityLibrary] AndroidManifest.xml:66:13-68:40
84                android:name="unityplayer.UnityActivity"
84-->[:unityLibrary] AndroidManifest.xml:67:17-57
85                android:value="true" />
85-->[:unityLibrary] AndroidManifest.xml:68:17-37
86            <meta-data
86-->[:unityLibrary] AndroidManifest.xml:69:13-71:40
87                android:name="notch_support"
87-->[:unityLibrary] AndroidManifest.xml:70:17-45
88                android:value="true" />
88-->[:unityLibrary] AndroidManifest.xml:71:17-37
89            <meta-data
89-->[:unityLibrary] AndroidManifest.xml:72:13-74:40
90                android:name="com.oculus.vr.focusaware"
90-->[:unityLibrary] AndroidManifest.xml:73:17-56
91                android:value="true" />
91-->[:unityLibrary] AndroidManifest.xml:74:17-37
92        </activity>
93
94        <meta-data
94-->[:unityLibrary] AndroidManifest.xml:77:9-79:39
95            android:name="com.samsung.android.vr.application.mode"
95-->[:unityLibrary] AndroidManifest.xml:78:13-67
96            android:value="vr_only" />
96-->[:unityLibrary] AndroidManifest.xml:79:13-36
97        <meta-data
97-->[:unityLibrary] AndroidManifest.xml:80:9-82:37
98            android:name="com.unity.xr.oculus.LowOverheadMode"
98-->[:unityLibrary] AndroidManifest.xml:81:13-63
99            android:value="false" />
99-->[:unityLibrary] AndroidManifest.xml:82:13-34
100        <meta-data
100-->[:unityLibrary] AndroidManifest.xml:83:9-85:37
101            android:name="com.unity.xr.oculus.LateLatching"
101-->[:unityLibrary] AndroidManifest.xml:84:13-60
102            android:value="false" />
102-->[:unityLibrary] AndroidManifest.xml:85:13-34
103        <meta-data
103-->[:unityLibrary] AndroidManifest.xml:86:9-88:37
104            android:name="com.unity.xr.oculus.LateLatchingDebug"
104-->[:unityLibrary] AndroidManifest.xml:87:13-65
105            android:value="false" />
105-->[:unityLibrary] AndroidManifest.xml:88:13-34
106        <meta-data
106-->[:unityLibrary] AndroidManifest.xml:89:9-91:38
107            android:name="com.oculus.supportedDevices"
107-->[:unityLibrary] AndroidManifest.xml:90:13-55
108            android:value="quest2" />
108-->[:unityLibrary] AndroidManifest.xml:91:13-35
109    </application>
110
111</manifest>